<?xml version="1.0" encoding="UTF-8"?>
<!-- Generated by org.testng.reporters.JUnitReportReporter -->
<testsuite hostname="Asus-TUF" failures="0" tests="1" name="com.swadesh.automationTestng.EbayHome" time="6.657" errors="0" timestamp="2023-07-21T18:42:04 IST" skipped="0">
  <testcase classname="com.swadesh.automationTestng.EbayHome" name="ebaySearchBoc" time="6.657"/>
</testsuite> <!-- com.swadesh.automationTestng.EbayHome -->
